<?xml version="1.0" encoding="UTF-8"?>
<testsuite xmlns:xsi="http://www.w3.org/2001/XMLSchema-instance" xsi:noNamespaceSchemaLocation="https://maven.apache.org/surefire/maven-surefire-plugin/xsd/surefire-test-report.xsd" name="agenda.FixedTerminationEventTest" time="0.005" tests="6" errors="0" skipped="0" failures="0">
  <properties>
[...]
</properties>
  <testcase name="eventIsNotInExceptionDays" classname="agenda.FixedTerminationEventTest" time="0"/>
  <testcase name="eventOccurs10WeeksAfter" classname="agenda.FixedTerminationEventTest" time="0"/>
  <testcase name="canCalculateTerminationDateFromNumberOfOccurrences" classname="agenda.FixedTerminationEventTest" time="0.001"/>
  <testcase name="canCalculateNumberOfOccurrencesFromTerminationDate" classname="agenda.FixedTerminationEventTest" time="0"/>
  <testcase name="eventIsNotInDayBefore" classname="agenda.FixedTerminationEventTest" time="0"/>
  <testcase name="eventIsInItsStartDay" classname="agenda.FixedTerminationEventTest" time="0"/>
</testsuite>